<?xml version="1.0" encoding="UTF-8"?>
<!-- Generated by org.testng.reporters.JUnitXMLReporter -->
<testsuite ignored="0" hostname="LAPTOP-LD98MK4F" failures="0" tests="1" name="Test" time="0.118" errors="0" timestamp="2023-06-18T17:25:45 IST">
  <testcase classname="org.Testcase.AutomationExercises.AutomationTestCase" name="@BeforeClass setup1" time="-1.687089345847E9">
    <failure type="org.testng.TestNGException" message="
Parameter &amp;apos;Port&amp;apos; is required by BeforeClass on method setup1 but has not been marked @Optional or defined
in V:\CP2023\CAP2023\testng.xml">
      <![CDATA[org.testng.TestNGException: 
Parameter 'Port' is required by BeforeClass on method setup1 but has not been marked @Optional or defined
in V:\CP2023\CAP2023\testng.xml
at java.base/java.util.ArrayList.forEach(ArrayList.java:1541)
... Removed 22 stack frames]]>
    </failure>
  </testcase> <!-- @BeforeClass setup1 -->
  <testcase classname="org.Testcase.AutomationExercises.AutomationTestCase" name="scenarioDemo" time="0.0">
    <skipped/>
  </testcase> <!-- scenarioDemo -->
</testsuite> <!-- Test -->
